0 info it worked if it ends with ok
1 verbose cli [ 'C:\\Program Files\\nodejs\\node.exe',
1 verbose cli   'C:\\Program Files\\nodejs\\node_modules\\npm\\bin\\npm-cli.js',
1 verbose cli   'start' ]
2 info using npm@3.10.10
3 info using node@v6.10.3
4 verbose run-script [ 'prestart', 'start', 'poststart' ]
5 info lifecycle pixelizer@0.0.1~prestart: pixelizer@0.0.1
6 silly lifecycle pixelizer@0.0.1~prestart: no script for prestart, continuing
7 info lifecycle pixelizer@0.0.1~start: pixelizer@0.0.1
8 verbose lifecycle pixelizer@0.0.1~start: unsafe-perm in lifecycle true
9 verbose lifecycle pixelizer@0.0.1~start: PATH: C:\Program Files\nodejs\node_modules\npm\bin\node-gyp-bin;C:\Users\eefhx\Documents\GitHub\Pixelizer\node_modules\.bin;C:\Program Files (x86)\Intel\iCLS Client\;C:\Program Files\Intel\iCLS Client\;C:\WINDOWS\system32;C:\WINDOWS;C:\WINDOWS\System32\Wbem;C:\WINDOWS\System32\WindowsPowerShell\v1.0\;C:\Program Files (x86)\Intel\Intel(R) Management Engine Components\DAL;C:\Program Files\Intel\Intel(R) Management Engine Components\DAL;C:\Program Files (x86)\Intel\Intel(R) Management Engine Components\IPT;C:\Program Files\Intel\Intel(R) Management Engine Components\IPT;C:\Program Files\Git\cmd;C:\Program Files (x86)\GtkSharp\2.12\bin;C:\Program Files\nodejs\;C:\Program Files\Intel\WiFi\bin\;C:\Program Files\Common Files\Intel\WirelessCommon\;C:\Ruby24-x64\bin;C:\Users\eefhx\AppData\Local\Microsoft\WindowsApps;C:\Users\eefhx\AppData\Local\atom\bin;C:\Users\eefhx\AppData\Roaming\npm;C:\Program Files\PostgreSQL\9.6\bin;C:\Users\eefhx\AppData\Local\GitHubDesktop\bin;C:\Users\eefhx\AppData\Local\Programs\Python\Python35;C:\Users\eefhx\AppData\Local\Programs\Python\Python35\Scripts;C:\Users\eefhx\AppData\Local\Microsoft\WindowsApps;;C:\Program Files\Microsoft VS Code\bin
10 verbose lifecycle pixelizer@0.0.1~start: CWD: C:\Users\eefhx\Documents\GitHub\Pixelizer
11 silly lifecycle pixelizer@0.0.1~start: Args: [ '/d /s /c', 'node index.js' ]
12 silly lifecycle pixelizer@0.0.1~start: Returned: code: 1  signal: null
13 info lifecycle pixelizer@0.0.1~start: Failed to exec start script
14 verbose stack Error: pixelizer@0.0.1 start: `node index.js`
14 verbose stack Exit status 1
14 verbose stack     at EventEmitter.<anonymous> (C:\Program Files\nodejs\node_modules\npm\lib\utils\lifecycle.js:255:16)
14 verbose stack     at emitTwo (events.js:106:13)
14 verbose stack     at EventEmitter.emit (events.js:191:7)
14 verbose stack     at ChildProcess.<anonymous> (C:\Program Files\nodejs\node_modules\npm\lib\utils\spawn.js:40:14)
14 verbose stack     at emitTwo (events.js:106:13)
14 verbose stack     at ChildProcess.emit (events.js:191:7)
14 verbose stack     at maybeClose (internal/child_process.js:886:16)
14 verbose stack     at Process.ChildProcess._handle.onexit (internal/child_process.js:226:5)
15 verbose pkgid pixelizer@0.0.1
16 verbose cwd C:\Users\eefhx\Documents\GitHub\Pixelizer
17 error Windows_NT 10.0.16299
18 error argv "C:\\Program Files\\nodejs\\node.exe" "C:\\Program Files\\nodejs\\node_modules\\npm\\bin\\npm-cli.js" "start"
19 error node v6.10.3
20 error npm  v3.10.10
21 error code ELIFECYCLE
22 error pixelizer@0.0.1 start: `node index.js`
22 error Exit status 1
23 error Failed at the pixelizer@0.0.1 start script 'node index.js'.
23 error Make sure you have the latest version of node.js and npm installed.
23 error If you do, this is most likely a problem with the pixelizer package,
23 error not with npm itself.
23 error Tell the author that this fails on your system:
23 error     node index.js
23 error You can get information on how to open an issue for this project with:
23 error     npm bugs pixelizer
23 error Or if that isn't available, you can get their info via:
23 error     npm owner ls pixelizer
23 error There is likely additional logging output above.
24 verbose exit [ 1, true ]
